[debug] [2025-09-14T17:11:59.581Z] ----------------------------------------------------------------------
[debug] [2025-09-14T17:11:59.583Z] Command:       C:\Program Files\nodejs\node.exe C:\Users\Hp\AppData\Roaming\npm\node_modules\firebase-tools\lib\bin\firebase.js init hosting
[debug] [2025-09-14T17:11:59.583Z] CLI Version:   14.16.0
[debug] [2025-09-14T17:11:59.584Z] Platform:      win32
[debug] [2025-09-14T17:11:59.584Z] Node Version:  v22.15.0
[debug] [2025-09-14T17:11:59.584Z] Time:          Sun Sep 14 2025 20:11:59 GMT+0300 (Arabian Standard Time)
[debug] [2025-09-14T17:11:59.584Z] ----------------------------------------------------------------------
[debug] 
[debug] [2025-09-14T17:11:59.590Z] > command requires scopes: ["email","openid","https://www.googleapis.com/auth/cloudplatformprojects.readonly","https://www.googleapis.com/auth/firebase","https://www.googleapis.com/auth/cloud-platform"]
[debug] [2025-09-14T17:11:59.590Z] > authorizing via signed-in user (saim@cubiclabs.net)
[info] 
     ######## #### ########  ######## ########     ###     ######  ########
     ##        ##  ##     ## ##       ##     ##  ##   ##  ##       ##
     ######    ##  ########  ######   ########  #########  ######  ######
     ##        ##  ##    ##  ##       ##     ## ##     ##       ## ##
     ##       #### ##     ## ######## ########  ##     ##  ######  ########

You're about to initialize a Firebase project in this directory:

  C:\Users\Hp\Cubic-Labs-Frontend-code

[info] 
=== Project Setup
[info] 
[info] First, let's associate this project directory with a Firebase project.
[info] You can create multiple project aliases by running firebase use --add, 
[info] but for now we'll just set up a default project.
[info] 
[debug] [2025-09-14T17:12:39.838Z] Checked if tokens are valid: false, expires at: 1757869941154
[debug] [2025-09-14T17:12:39.839Z] Checked if tokens are valid: false, expires at: 1757869941154
[debug] [2025-09-14T17:12:39.839Z] > refreshing access token with scopes: []
[debug] [2025-09-14T17:12:39.840Z] >>> [apiv2][query] POST https://www.googleapis.com/oauth2/v3/token [none]
[debug] [2025-09-14T17:12:39.840Z] >>> [apiv2][body] POST https://www.googleapis.com/oauth2/v3/token [omitted]
[debug] [2025-09-14T17:12:40.359Z] <<< [apiv2][status] POST https://www.googleapis.com/oauth2/v3/token 200
[debug] [2025-09-14T17:12:40.360Z] <<< [apiv2][body] POST https://www.googleapis.com/oauth2/v3/token [omitted]
[debug] [2025-09-14T17:12:40.369Z] >>> [apiv2][query] GET https://firebase.googleapis.com/v1beta1/projects pageSize=100
[debug] [2025-09-14T17:12:41.296Z] <<< [apiv2][status] GET https://firebase.googleapis.com/v1beta1/projects 200
[debug] [2025-09-14T17:12:41.296Z] <<< [apiv2][body] GET https://firebase.googleapis.com/v1beta1/projects [omitted]
[info] i  Using project cubic-labs-website-hosting (cubic labs website hosting) 
[info] 
=== Hosting Setup
[debug] [2025-09-14T17:12:47.007Z] Checked if tokens are valid: true, expires at: 1757873559360
[debug] [2025-09-14T17:12:47.007Z] Checked if tokens are valid: true, expires at: 1757873559360
[debug] [2025-09-14T17:12:47.008Z] >>> [apiv2][query] GET https://firebase.googleapis.com/v1beta1/projects/cubic-labs-website-hosting [none]
[debug] [2025-09-14T17:12:47.702Z] <<< [apiv2][status] GET https://firebase.googleapis.com/v1beta1/projects/cubic-labs-website-hosting 200
[debug] [2025-09-14T17:12:47.702Z] <<< [apiv2][body] GET https://firebase.googleapis.com/v1beta1/projects/cubic-labs-website-hosting {"projectId":"cubic-labs-website-hosting","projectNumber":"717650770398","displayName":"cubic labs website hosting","name":"projects/cubic-labs-website-hosting","resources":{"hostingSite":"cubic-labs-website-hosting"},"state":"ACTIVE","etag":"1_019f5739-122e-408a-a627-3696e8af47c5"}
[info] 
[info] Your public directory is the folder (relative to your project directory) that
[info] will contain Hosting assets to be uploaded with firebase deploy. If you
[info] have a build process for your assets, use your build's output directory.
[info] 
